<?xml version="1.0" encoding="UTF-8"?>
<!-- Generated by org.testng.reporters.JUnitReportReporter -->
<testsuite hostname="DESKTOP-RSP3RN4" failures="0" tests="1" name="testng.TNG_003" time="38.694" errors="0" timestamp="14 Jun 2023 14:07:34 GMT" skipped="0">
  <testcase classname="testng.TNG_003" name="amazon" time="38.694"/>
</testsuite> <!-- testng.TNG_003 -->
